Analysis & Synthesis report for TrabalhoFinal
Fri Jun 25 02:49:59 2021
Quartus II 64-Bit Version 13.0.1 Build 232 06/12/2013 Service Pack 1 SJ Web Edition


---------------------
; Table of Contents ;
---------------------
  1. Legal Notice
  2. Analysis & Synthesis Summary
  3. Analysis & Synthesis Settings
  4. Parallel Compilation
  5. Analysis & Synthesis Source Files Read
  6. Analysis & Synthesis Resource Usage Summary
  7. Analysis & Synthesis Resource Utilization by Entity
  8. Registers Removed During Synthesis
  9. General Register Statistics
 10. Multiplexer Restructuring Statistics (Restructuring Performed)
 11. Parameter Settings for User Entity Instance: Top-level Entity: |processador
 12. Parameter Settings for User Entity Instance: registrador:regA
 13. Parameter Settings for User Entity Instance: registrador:regB
 14. Parameter Settings for User Entity Instance: registrador:regUla
 15. Parameter Settings for User Entity Instance: mux21:muxA
 16. Parameter Settings for User Entity Instance: mux21:muxB
 17. Parameter Settings for User Entity Instance: ulaOperacoes:operacoesDaUla
 18. Parameter Settings for User Entity Instance: ulaOperacoes:operacoesDaUla|somadorNbits:somador
 19. Parameter Settings for User Entity Instance: ulaOperacoes:operacoesDaUla|subtratorNbits:subtrator
 20. Port Connectivity Checks: "ulaOperacoes:operacoesDaUla|subtratorNbits:subtrator|fullSubtractor:\subtrator:0:componenteSomador"
 21. Port Connectivity Checks: "ulaOperacoes:operacoesDaUla|subtratorNbits:subtrator"
 22. Port Connectivity Checks: "ulaOperacoes:operacoesDaUla|somadorNbits:somador|fullAdder:\somador:0:componenteSomador"
 23. Port Connectivity Checks: "ulaOperacoes:operacoesDaUla"
 24. Port Connectivity Checks: "registrador:regUla"
 25. Port Connectivity Checks: "registrador:regB"
 26. Port Connectivity Checks: "registrador:regA"
 27. Elapsed Time Per Partition
 28. Analysis & Synthesis Messages



----------------
; Legal Notice ;
----------------
Copyright (C) 1991-2013 Altera Corporation
Your use of Altera Corporation's design tools, logic functions 
and other software and tools, and its AMPP partner logic 
functions, and any output files from any of the foregoing 
(including device programming or simulation files), and any 
associated documentation or information are expressly subject 
to the terms and conditions of the Altera Program License 
Subscription Agreement, Altera MegaCore Function License 
Agreement, or other applicable license agreement, including, 
without limitation, that your use is for the sole purpose of 
programming logic devices manufactured by Altera and sold by 
Altera or its authorized distributors.  Please refer to the 
applicable agreement for further details.



+--------------------------------------------------------------------------------------+
; Analysis & Synthesis Summary                                                         ;
+------------------------------------+-------------------------------------------------+
; Analysis & Synthesis Status        ; Successful - Fri Jun 25 02:49:59 2021           ;
; Quartus II 64-Bit Version          ; 13.0.1 Build 232 06/12/2013 SP 1 SJ Web Edition ;
; Revision Name                      ; TrabalhoFinal                                   ;
; Top-level Entity Name              ; processador                                     ;
; Family                             ; Cyclone IV GX                                   ;
; Total logic elements               ; 1,980                                           ;
;     Total combinational functions  ; 921                                             ;
;     Dedicated logic registers      ; 1,079                                           ;
; Total registers                    ; 1079                                            ;
; Total pins                         ; 25                                              ;
; Total virtual pins                 ; 0                                               ;
; Total memory bits                  ; 0                                               ;
; Embedded Multiplier 9-bit elements ; 0                                               ;
; Total GXB Receiver Channel PCS     ; 0                                               ;
; Total GXB Receiver Channel PMA     ; 0                                               ;
; Total GXB Transmitter Channel PCS  ; 0                                               ;
; Total GXB Transmitter Channel PMA  ; 0                                               ;
; Total PLLs                         ; 0                                               ;
+------------------------------------+-------------------------------------------------+


+----------------------------------------------------------------------------------------------------------------------+
; Analysis & Synthesis Settings                                                                                        ;
+----------------------------------------------------------------------------+--------------------+--------------------+
; Option                                                                     ; Setting            ; Default Value      ;
+----------------------------------------------------------------------------+--------------------+--------------------+
; Top-level entity name                                                      ; processador        ; TrabalhoFinal      ;
; Family name                                                                ; Cyclone IV GX      ; Cyclone IV GX      ;
; Use smart compilation                                                      ; Off                ; Off                ;
; Enable parallel Assembler and TimeQuest Timing Analyzer during compilation ; On                 ; On                 ;
; Enable compact report table                                                ; Off                ; Off                ;
; Restructure Multiplexers                                                   ; Auto               ; Auto               ;
; Create Debugging Nodes for IP Cores                                        ; Off                ; Off                ;
; Preserve fewer node names                                                  ; On                 ; On                 ;
; Disable OpenCore Plus hardware evaluation                                  ; Off                ; Off                ;
; Verilog Version                                                            ; Verilog_2001       ; Verilog_2001       ;
; VHDL Version                                                               ; VHDL_1993          ; VHDL_1993          ;
; State Machine Processing                                                   ; Auto               ; Auto               ;
; Safe State Machine                                                         ; Off                ; Off                ;
; Extract Verilog State Machines                                             ; On                 ; On                 ;
; Extract VHDL State Machines                                                ; On                 ; On                 ;
; Ignore Verilog initial constructs                                          ; Off                ; Off                ;
; Iteration limit for constant Verilog loops                                 ; 5000               ; 5000               ;
; Iteration limit for non-constant Verilog loops                             ; 250                ; 250                ;
; Add Pass-Through Logic to Inferred RAMs                                    ; On                 ; On                 ;
; Infer RAMs from Raw Logic                                                  ; On                 ; On                 ;
; Parallel Synthesis                                                         ; On                 ; On                 ;
; DSP Block Balancing                                                        ; Auto               ; Auto               ;
; NOT Gate Push-Back                                                         ; On                 ; On                 ;
; Power-Up Don't Care                                                        ; On                 ; On                 ;
; Remove Redundant Logic Cells                                               ; Off                ; Off                ;
; Remove Duplicate Registers                                                 ; On                 ; On                 ;
; Ignore CARRY Buffers                                                       ; Off                ; Off                ;
; Ignore CASCADE Buffers                                                     ; Off                ; Off                ;
; Ignore GLOBAL Buffers                                                      ; Off                ; Off                ;
; Ignore ROW GLOBAL Buffers                                                  ; Off                ; Off                ;
; Ignore LCELL Buffers                                                       ; Off                ; Off                ;
; Ignore SOFT Buffers                                                        ; On                 ; On                 ;
; Limit AHDL Integers to 32 Bits                                             ; Off                ; Off                ;
; Optimization Technique                                                     ; Balanced           ; Balanced           ;
; Carry Chain Length                                                         ; 70                 ; 70                 ;
; Auto Carry Chains                                                          ; On                 ; On                 ;
; Auto Open-Drain Pins                                                       ; On                 ; On                 ;
; Perform WYSIWYG Primitive Resynthesis                                      ; Off                ; Off                ;
; Auto ROM Replacement                                                       ; On                 ; On                 ;
; Auto RAM Replacement                                                       ; On                 ; On                 ;
; Auto DSP Block Replacement                                                 ; On                 ; On                 ;
; Auto Shift Register Replacement                                            ; Auto               ; Auto               ;
; Allow Shift Register Merging across Hierarchies                            ; Auto               ; Auto               ;
; Auto Clock Enable Replacement                                              ; On                 ; On                 ;
; Strict RAM Replacement                                                     ; Off                ; Off                ;
; Allow Synchronous Control Signals                                          ; On                 ; On                 ;
; Force Use of Synchronous Clear Signals                                     ; Off                ; Off                ;
; Auto RAM Block Balancing                                                   ; On                 ; On                 ;
; Auto RAM to Logic Cell Conversion                                          ; Off                ; Off                ;
; Auto Resource Sharing                                                      ; Off                ; Off                ;
; Allow Any RAM Size For Recognition                                         ; Off                ; Off                ;
; Allow Any ROM Size For Recognition                                         ; Off                ; Off                ;
; Allow Any Shift Register Size For Recognition                              ; Off                ; Off                ;
; Use LogicLock Constraints during Resource Balancing                        ; On                 ; On                 ;
; Ignore translate_off and synthesis_off directives                          ; Off                ; Off                ;
; Timing-Driven Synthesis                                                    ; On                 ; On                 ;
; Report Parameter Settings                                                  ; On                 ; On                 ;
; Report Source Assignments                                                  ; On                 ; On                 ;
; Report Connectivity Checks                                                 ; On                 ; On                 ;
; Ignore Maximum Fan-Out Assignments                                         ; Off                ; Off                ;
; Synchronization Register Chain Length                                      ; 2                  ; 2                  ;
; PowerPlay Power Optimization                                               ; Normal compilation ; Normal compilation ;
; HDL message level                                                          ; Level2             ; Level2             ;
; Suppress Register Optimization Related Messages                            ; Off                ; Off                ;
; Number of Removed Registers Reported in Synthesis Report                   ; 5000               ; 5000               ;
; Number of Swept Nodes Reported in Synthesis Report                         ; 5000               ; 5000               ;
; Number of Inverted Registers Reported in Synthesis Report                  ; 100                ; 100                ;
; Clock MUX Protection                                                       ; On                 ; On                 ;
; Auto Gated Clock Conversion                                                ; Off                ; Off                ;
; Block Design Naming                                                        ; Auto               ; Auto               ;
; SDC constraint protection                                                  ; Off                ; Off                ;
; Synthesis Effort                                                           ; Auto               ; Auto               ;
; Shift Register Replacement - Allow Asynchronous Clear Signal               ; On                 ; On                 ;
; Pre-Mapping Resynthesis Optimization                                       ; Off                ; Off                ;
; Analysis & Synthesis Message Level                                         ; Medium             ; Medium             ;
; Disable Register Merging Across Hierarchies                                ; Auto               ; Auto               ;
; Resource Aware Inference For Block RAM                                     ; On                 ; On                 ;
; Synthesis Seed                                                             ; 1                  ; 1                  ;
+----------------------------------------------------------------------------+--------------------+--------------------+


Parallel compilation was disabled, but you have multiple processors available. Enable parallel compilation to reduce compilation time.
+-------------------------------------+
; Parallel Compilation                ;
+----------------------------+--------+
; Processors                 ; Number ;
+----------------------------+--------+
; Number detected on machine ; 2      ;
; Maximum allowed            ; 1      ;
+----------------------------+--------+


+--------------------------------------------------------------------------------------------------------------------------------------------+
; Analysis & Synthesis Source Files Read                                                                                                     ;
+----------------------------------+-----------------+-----------------+-----------------------------------------------------------+---------+
; File Name with User-Entered Path ; Used in Netlist ; File Type       ; File Name with Absolute Path                              ; Library ;
+----------------------------------+-----------------+-----------------+-----------------------------------------------------------+---------+
; processador.vhd                  ; yes             ; User VHDL File  ; C:/Users/Letícia/Desktop/TrabalhoFinal/processador.vhd    ;         ;
; ulaOperacoes.vhd                 ; yes             ; User VHDL File  ; C:/Users/Letícia/Desktop/TrabalhoFinal/ulaOperacoes.vhd   ;         ;
; subtratorNbits.vhd               ; yes             ; User VHDL File  ; C:/Users/Letícia/Desktop/TrabalhoFinal/subtratorNbits.vhd ;         ;
; somadorNbits.vhd                 ; yes             ; User VHDL File  ; C:/Users/Letícia/Desktop/TrabalhoFinal/somadorNbits.vhd   ;         ;
; fullSubtractor.vhd               ; yes             ; User VHDL File  ; C:/Users/Letícia/Desktop/TrabalhoFinal/fullSubtractor.vhd ;         ;
; fullAdder.vhd                    ; yes             ; User VHDL File  ; C:/Users/Letícia/Desktop/TrabalhoFinal/fullAdder.vhd      ;         ;
; mux21.vhd                        ; yes             ; User VHDL File  ; C:/Users/Letícia/Desktop/TrabalhoFinal/mux21.vhd          ;         ;
; registrador.vhd                  ; yes             ; User VHDL File  ; C:/Users/Letícia/Desktop/TrabalhoFinal/registrador.vhd    ;         ;
+----------------------------------+-----------------+-----------------+-----------------------------------------------------------+---------+


+---------------------------------------------+
; Analysis & Synthesis Resource Usage Summary ;
+--------------------------+------------------+
; Resource                 ; Usage            ;
+--------------------------+------------------+
; I/O pins                 ; 25               ;
; DSP block 9-bit elements ; 0                ;
; Maximum fan-out node     ; clock~input      ;
; Maximum fan-out          ; 1079             ;
; Total fan-out            ; 6823             ;
; Average fan-out          ; 3.33             ;
+--------------------------+------------------+


+-------------------------------------------------------------------------------------------------------------------------------------------------------------------------------------------------------------------------------------------------------------------------------------------------------------------+
; Analysis & Synthesis Resource Utilization by Entity                                                                                                                                                                                                                                                               ;
+----------------------------------------------------------+-------------------+--------------+-------------+--------------+---------+-----------+-----------+------+--------------+-----------------------------------------------------------------------------------------------------------------+--------------+
; Compilation Hierarchy Node                               ; LC Combinationals ; LC Registers ; Memory Bits ; DSP Elements ; DSP 9x9 ; DSP 18x18 ; DSP 36x36 ; Pins ; Virtual Pins ; Full Hierarchy Name                                                                                             ; Library Name ;
+----------------------------------------------------------+-------------------+--------------+-------------+--------------+---------+-----------+-----------+------+--------------+-----------------------------------------------------------------------------------------------------------------+--------------+
; |processador                                             ; 921 (848)         ; 1079 (1055)  ; 0           ; 0            ; 0       ; 0         ; 0         ; 25   ; 0            ; |processador                                                                                                    ; work         ;
;    |mux21:muxA|                                          ; 7 (7)             ; 0 (0)        ; 0           ; 0            ; 0       ; 0         ; 0         ; 0    ; 0            ; |processador|mux21:muxA                                                                                         ; work         ;
;    |mux21:muxB|                                          ; 7 (7)             ; 0 (0)        ; 0           ; 0            ; 0       ; 0         ; 0         ; 0    ; 0            ; |processador|mux21:muxB                                                                                         ; work         ;
;    |registrador:regA|                                    ; 0 (0)             ; 8 (8)        ; 0           ; 0            ; 0       ; 0         ; 0         ; 0    ; 0            ; |processador|registrador:regA                                                                                   ; work         ;
;    |registrador:regB|                                    ; 0 (0)             ; 8 (8)        ; 0           ; 0            ; 0       ; 0         ; 0         ; 0    ; 0            ; |processador|registrador:regB                                                                                   ; work         ;
;    |registrador:regUla|                                  ; 5 (5)             ; 8 (8)        ; 0           ; 0            ; 0       ; 0         ; 0         ; 0    ; 0            ; |processador|registrador:regUla                                                                                 ; work         ;
;    |ulaOperacoes:operacoesDaUla|                         ; 54 (41)           ; 0 (0)        ; 0           ; 0            ; 0       ; 0         ; 0         ; 0    ; 0            ; |processador|ulaOperacoes:operacoesDaUla                                                                        ; work         ;
;       |somadorNbits:somador|                             ; 6 (0)             ; 0 (0)        ; 0           ; 0            ; 0       ; 0         ; 0         ; 0    ; 0            ; |processador|ulaOperacoes:operacoesDaUla|somadorNbits:somador                                                   ; work         ;
;          |fullAdder:\somador:1:componenteSomador|        ; 1 (1)             ; 0 (0)        ; 0           ; 0            ; 0       ; 0         ; 0         ; 0    ; 0            ; |processador|ulaOperacoes:operacoesDaUla|somadorNbits:somador|fullAdder:\somador:1:componenteSomador            ; work         ;
;          |fullAdder:\somador:2:componenteSomador|        ; 1 (1)             ; 0 (0)        ; 0           ; 0            ; 0       ; 0         ; 0         ; 0    ; 0            ; |processador|ulaOperacoes:operacoesDaUla|somadorNbits:somador|fullAdder:\somador:2:componenteSomador            ; work         ;
;          |fullAdder:\somador:3:componenteSomador|        ; 2 (2)             ; 0 (0)        ; 0           ; 0            ; 0       ; 0         ; 0         ; 0    ; 0            ; |processador|ulaOperacoes:operacoesDaUla|somadorNbits:somador|fullAdder:\somador:3:componenteSomador            ; work         ;
;          |fullAdder:\somador:4:componenteSomador|        ; 1 (1)             ; 0 (0)        ; 0           ; 0            ; 0       ; 0         ; 0         ; 0    ; 0            ; |processador|ulaOperacoes:operacoesDaUla|somadorNbits:somador|fullAdder:\somador:4:componenteSomador            ; work         ;
;          |fullAdder:\somador:5:componenteSomador|        ; 1 (1)             ; 0 (0)        ; 0           ; 0            ; 0       ; 0         ; 0         ; 0    ; 0            ; |processador|ulaOperacoes:operacoesDaUla|somadorNbits:somador|fullAdder:\somador:5:componenteSomador            ; work         ;
;       |subtratorNbits:subtrator|                         ; 7 (0)             ; 0 (0)        ; 0           ; 0            ; 0       ; 0         ; 0         ; 0    ; 0            ; |processador|ulaOperacoes:operacoesDaUla|subtratorNbits:subtrator                                               ; work         ;
;          |fullSubtractor:\subtrator:1:componenteSomador| ; 1 (1)             ; 0 (0)        ; 0           ; 0            ; 0       ; 0         ; 0         ; 0    ; 0            ; |processador|ulaOperacoes:operacoesDaUla|subtratorNbits:subtrator|fullSubtractor:\subtrator:1:componenteSomador ; work         ;
;          |fullSubtractor:\subtrator:3:componenteSomador| ; 5 (5)             ; 0 (0)        ; 0           ; 0            ; 0       ; 0         ; 0         ; 0    ; 0            ; |processador|ulaOperacoes:operacoesDaUla|subtratorNbits:subtrator|fullSubtractor:\subtrator:3:componenteSomador ; work         ;
;          |fullSubtractor:\subtrator:4:componenteSomador| ; 1 (1)             ; 0 (0)        ; 0           ; 0            ; 0       ; 0         ; 0         ; 0    ; 0            ; |processador|ulaOperacoes:operacoesDaUla|subtratorNbits:subtrator|fullSubtractor:\subtrator:4:componenteSomador ; work         ;
+----------------------------------------------------------+-------------------+--------------+-------------+--------------+---------+-----------+-----------+------+--------------+-----------------------------------------------------------------------------------------------------------------+--------------+
Note: For table entries with two numbers listed, the numbers in parentheses indicate the number of resources of the given type used by the specific entity alone. The numbers listed outside of parentheses indicate the total resources of the given type used by the specific entity and all of its sub-entities in the hierarchy.


+--------------------------------------------------------------------------------+
; Registers Removed During Synthesis                                             ;
+---------------------------------------+----------------------------------------+
; Register name                         ; Reason for Removal                     ;
+---------------------------------------+----------------------------------------+
; sinalEscrita                          ; Stuck at VCC due to stuck port data_in ;
; Total Number of Removed Registers = 1 ;                                        ;
+---------------------------------------+----------------------------------------+


+------------------------------------------------------+
; General Register Statistics                          ;
+----------------------------------------------+-------+
; Statistic                                    ; Value ;
+----------------------------------------------+-------+
; Total registers                              ; 1079  ;
; Number of registers using Synchronous Clear  ; 3     ;
; Number of registers using Synchronous Load   ; 10    ;
; Number of registers using Asynchronous Clear ; 0     ;
; Number of registers using Asynchronous Load  ; 0     ;
; Number of registers using Clock Enable       ; 1047  ;
; Number of registers using Preset             ; 0     ;
+----------------------------------------------+-------+


+----------------------------------------------------------------------------------------------------------------------------------------------------+
; Multiplexer Restructuring Statistics (Restructuring Performed)                                                                                     ;
+--------------------+-----------+---------------+----------------------+------------------------+------------+--------------------------------------+
; Multiplexer Inputs ; Bus Width ; Baseline Area ; Area if Restructured ; Saving if Restructured ; Registered ; Example Multiplexer Output           ;
+--------------------+-----------+---------------+----------------------+------------------------+------------+--------------------------------------+
; 32:1               ; 7 bits    ; 147 LEs       ; 28 LEs               ; 119 LEs                ; Yes        ; |processador|registrador:regUla|q[4] ;
; 125:1              ; 2 bits    ; 166 LEs       ; 0 LEs                ; 166 LEs                ; Yes        ; |processador|sinalControlMuxB        ;
; 256:1              ; 5 bits    ; 850 LEs       ; 15 LEs               ; 835 LEs                ; Yes        ; |processador|sinalOperacao[1]        ;
; 383:1              ; 6 bits    ; 1530 LEs      ; 516 LEs              ; 1014 LEs               ; Yes        ; |processador|entradaRegA[3]          ;
; 257:1              ; 2 bits    ; 342 LEs       ; 172 LEs              ; 170 LEs                ; Yes        ; |processador|entradaRegA[0]          ;
+--------------------+-----------+---------------+----------------------+------------------------+------------+--------------------------------------+


+-----------------------------------------------------------------------------+
; Parameter Settings for User Entity Instance: Top-level Entity: |processador ;
+----------------+-------+----------------------------------------------------+
; Parameter Name ; Value ; Type                                               ;
+----------------+-------+----------------------------------------------------+
; TAMANHO        ; 8     ; Signed Integer                                     ;
+----------------+-------+----------------------------------------------------+
Note: In order to hide this table in the UI and the text report file, please set the "Show Parameter Settings in Synthesis Report" option in "Analysis and Synthesis Settings -> More Settings" to "Off".


+---------------------------------------------------------------+
; Parameter Settings for User Entity Instance: registrador:regA ;
+----------------+-------+--------------------------------------+
; Parameter Name ; Value ; Type                                 ;
+----------------+-------+--------------------------------------+
; TAMANHO        ; 8     ; Signed Integer                       ;
+----------------+-------+--------------------------------------+
Note: In order to hide this table in the UI and the text report file, please set the "Show Parameter Settings in Synthesis Report" option in "Analysis and Synthesis Settings -> More Settings" to "Off".


+---------------------------------------------------------------+
; Parameter Settings for User Entity Instance: registrador:regB ;
+----------------+-------+--------------------------------------+
; Parameter Name ; Value ; Type                                 ;
+----------------+-------+--------------------------------------+
; TAMANHO        ; 8     ; Signed Integer                       ;
+----------------+-------+--------------------------------------+
Note: In order to hide this table in the UI and the text report file, please set the "Show Parameter Settings in Synthesis Report" option in "Analysis and Synthesis Settings -> More Settings" to "Off".


+-----------------------------------------------------------------+
; Parameter Settings for User Entity Instance: registrador:regUla ;
+----------------+-------+----------------------------------------+
; Parameter Name ; Value ; Type                                   ;
+----------------+-------+----------------------------------------+
; TAMANHO        ; 8     ; Signed Integer                         ;
+----------------+-------+----------------------------------------+
Note: In order to hide this table in the UI and the text report file, please set the "Show Parameter Settings in Synthesis Report" option in "Analysis and Synthesis Settings -> More Settings" to "Off".


+---------------------------------------------------------+
; Parameter Settings for User Entity Instance: mux21:muxA ;
+----------------+-------+--------------------------------+
; Parameter Name ; Value ; Type                           ;
+----------------+-------+--------------------------------+
; TAMANHO        ; 8     ; Signed Integer                 ;
+----------------+-------+--------------------------------+
Note: In order to hide this table in the UI and the text report file, please set the "Show Parameter Settings in Synthesis Report" option in "Analysis and Synthesis Settings -> More Settings" to "Off".


+---------------------------------------------------------+
; Parameter Settings for User Entity Instance: mux21:muxB ;
+----------------+-------+--------------------------------+
; Parameter Name ; Value ; Type                           ;
+----------------+-------+--------------------------------+
; TAMANHO        ; 8     ; Signed Integer                 ;
+----------------+-------+--------------------------------+
Note: In order to hide this table in the UI and the text report file, please set the "Show Parameter Settings in Synthesis Report" option in "Analysis and Synthesis Settings -> More Settings" to "Off".


+--------------------------------------------------------------------------+
; Parameter Settings for User Entity Instance: ulaOperacoes:operacoesDaUla ;
+----------------+-------+-------------------------------------------------+
; Parameter Name ; Value ; Type                                            ;
+----------------+-------+-------------------------------------------------+
; TAMANHO        ; 8     ; Signed Integer                                  ;
+----------------+-------+-------------------------------------------------+
Note: In order to hide this table in the UI and the text report file, please set the "Show Parameter Settings in Synthesis Report" option in "Analysis and Synthesis Settings -> More Settings" to "Off".


+-----------------------------------------------------------------------------------------------+
; Parameter Settings for User Entity Instance: ulaOperacoes:operacoesDaUla|somadorNbits:somador ;
+----------------+-------+----------------------------------------------------------------------+
; Parameter Name ; Value ; Type                                                                 ;
+----------------+-------+----------------------------------------------------------------------+
; TAMANHO        ; 8     ; Signed Integer                                                       ;
+----------------+-------+----------------------------------------------------------------------+
Note: In order to hide this table in the UI and the text report file, please set the "Show Parameter Settings in Synthesis Report" option in "Analysis and Synthesis Settings -> More Settings" to "Off".


+---------------------------------------------------------------------------------------------------+
; Parameter Settings for User Entity Instance: ulaOperacoes:operacoesDaUla|subtratorNbits:subtrator ;
+----------------+-------+--------------------------------------------------------------------------+
; Parameter Name ; Value ; Type                                                                     ;
+----------------+-------+--------------------------------------------------------------------------+
; TAMANHO        ; 8     ; Signed Integer                                                           ;
+----------------+-------+--------------------------------------------------------------------------+
Note: In order to hide this table in the UI and the text report file, please set the "Show Parameter Settings in Synthesis Report" option in "Analysis and Synthesis Settings -> More Settings" to "Off".


+--------------------------------------------------------------------------------------------------------------------------------+
; Port Connectivity Checks: "ulaOperacoes:operacoesDaUla|subtratorNbits:subtrator|fullSubtractor:\subtrator:0:componenteSomador" ;
+------+-------+----------+------------------------------------------------------------------------------------------------------+
; Port ; Type  ; Severity ; Details                                                                                              ;
+------+-------+----------+------------------------------------------------------------------------------------------------------+
; cin  ; Input ; Info     ; Stuck at GND                                                                                         ;
+------+-------+----------+------------------------------------------------------------------------------------------------------+


+--------------------------------------------------------------------------------------------------------------------+
; Port Connectivity Checks: "ulaOperacoes:operacoesDaUla|subtratorNbits:subtrator"                                   ;
+----------+--------+----------+-------------------------------------------------------------------------------------+
; Port     ; Type   ; Severity ; Details                                                                             ;
+----------+--------+----------+-------------------------------------------------------------------------------------+
; negativo ; Output ; Info     ; Connected to dangling logic. Logic that only feeds a dangling port will be removed. ;
+----------+--------+----------+-------------------------------------------------------------------------------------+


+---------------------------------------------------------------------------------------------------------------------+
; Port Connectivity Checks: "ulaOperacoes:operacoesDaUla|somadorNbits:somador|fullAdder:\somador:0:componenteSomador" ;
+------+-------+----------+-------------------------------------------------------------------------------------------+
; Port ; Type  ; Severity ; Details                                                                                   ;
+------+-------+----------+-------------------------------------------------------------------------------------------+
; cin  ; Input ; Info     ; Stuck at GND                                                                              ;
+------+-------+----------+-------------------------------------------------------------------------------------------+


+--------------------------------------------------------------------------------------------------------------------+
; Port Connectivity Checks: "ulaOperacoes:operacoesDaUla"                                                            ;
+----------+--------+----------+-------------------------------------------------------------------------------------+
; Port     ; Type   ; Severity ; Details                                                                             ;
+----------+--------+----------+-------------------------------------------------------------------------------------+
; overflow ; Output ; Info     ; Connected to dangling logic. Logic that only feeds a dangling port will be removed. ;
; carryout ; Output ; Info     ; Connected to dangling logic. Logic that only feeds a dangling port will be removed. ;
; zero     ; Output ; Info     ; Connected to dangling logic. Logic that only feeds a dangling port will be removed. ;
; negativo ; Output ; Info     ; Connected to dangling logic. Logic that only feeds a dangling port will be removed. ;
+----------+--------+----------+-------------------------------------------------------------------------------------+


+------------------------------------------------+
; Port Connectivity Checks: "registrador:regUla" ;
+--------+-------+----------+--------------------+
; Port   ; Type  ; Severity ; Details            ;
+--------+-------+----------+--------------------+
; reset  ; Input ; Info     ; Stuck at GND       ;
; enable ; Input ; Info     ; Stuck at VCC       ;
+--------+-------+----------+--------------------+


+----------------------------------------------+
; Port Connectivity Checks: "registrador:regB" ;
+--------+-------+----------+------------------+
; Port   ; Type  ; Severity ; Details          ;
+--------+-------+----------+------------------+
; reset  ; Input ; Info     ; Stuck at GND     ;
; enable ; Input ; Info     ; Stuck at VCC     ;
+--------+-------+----------+------------------+


+----------------------------------------------+
; Port Connectivity Checks: "registrador:regA" ;
+--------+-------+----------+------------------+
; Port   ; Type  ; Severity ; Details          ;
+--------+-------+----------+------------------+
; reset  ; Input ; Info     ; Stuck at GND     ;
; enable ; Input ; Info     ; Stuck at VCC     ;
+--------+-------+----------+------------------+


+-------------------------------+
; Elapsed Time Per Partition    ;
+----------------+--------------+
; Partition Name ; Elapsed Time ;
+----------------+--------------+
; Top            ; 00:00:08     ;
+----------------+--------------+


+-------------------------------+
; Analysis & Synthesis Messages ;
+-------------------------------+
Info: *******************************************************************
Info: Running Quartus II 64-Bit Analysis & Synthesis
    Info: Version 13.0.1 Build 232 06/12/2013 Service Pack 1 SJ Web Edition
    Info: Processing started: Fri Jun 25 02:49:47 2021
Info: Command: quartus_map --read_settings_files=on --write_settings_files=off TrabalhoFinal -c TrabalhoFinal
Warning (20028): Parallel compilation is not licensed and has been disabled
Info (12021): Found 2 design units, including 1 entities, in source file processador.vhd
    Info (12022): Found design unit 1: processador-processadorArch
    Info (12023): Found entity 1: processador
Info (12021): Found 2 design units, including 1 entities, in source file ulaoperacoes.vhd
    Info (12022): Found design unit 1: ulaOperacoes-ulaOperacoesArch
    Info (12023): Found entity 1: ulaOperacoes
Info (12021): Found 2 design units, including 1 entities, in source file subtratornbits.vhd
    Info (12022): Found design unit 1: subtratorNbits-subtratorNbitsArch
    Info (12023): Found entity 1: subtratorNbits
Info (12021): Found 2 design units, including 1 entities, in source file somadornbits.vhd
    Info (12022): Found design unit 1: somadorNbits-somadorNbitsArch
    Info (12023): Found entity 1: somadorNbits
Info (12021): Found 2 design units, including 1 entities, in source file fullsubtractor.vhd
    Info (12022): Found design unit 1: fullSubtractor-fullSubtractorArch
    Info (12023): Found entity 1: fullSubtractor
Info (12021): Found 2 design units, including 1 entities, in source file fulladder.vhd
    Info (12022): Found design unit 1: fullAdder-fullAdderArch
    Info (12023): Found entity 1: fullAdder
Info (12021): Found 2 design units, including 1 entities, in source file mux21.vhd
    Info (12022): Found design unit 1: mux21-muxArch
    Info (12023): Found entity 1: mux21
Info (12021): Found 2 design units, including 1 entities, in source file registrador.vhd
    Info (12022): Found design unit 1: registrador-registradorArch
    Info (12023): Found entity 1: registrador
Info (12127): Elaborating entity "processador" for the top level hierarchy
Warning (10036): Verilog HDL or VHDL warning at processador.vhd(19): object "opJump" assigned a value but never read
Warning (10036): Verilog HDL or VHDL warning at processador.vhd(19): object "opBeq" assigned a value but never read
Warning (10036): Verilog HDL or VHDL warning at processador.vhd(20): object "sinalOverflow" assigned a value but never read
Warning (10036): Verilog HDL or VHDL warning at processador.vhd(20): object "sinalcarryOut" assigned a value but never read
Warning (10036): Verilog HDL or VHDL warning at processador.vhd(20): object "sinalZero" assigned a value but never read
Warning (10036): Verilog HDL or VHDL warning at processador.vhd(20): object "sinalNegativo" assigned a value but never read
Info (12128): Elaborating entity "registrador" for hierarchy "registrador:regA"
Info (12128): Elaborating entity "mux21" for hierarchy "mux21:muxA"
Warning (10492): VHDL Process Statement warning at mux21.vhd(19): signal "entrada0" is read inside the Process Statement but isn't in the Process Statement's sensitivity list
Warning (10492): VHDL Process Statement warning at mux21.vhd(20): signal "entrada1" is read inside the Process Statement but isn't in the Process Statement's sensitivity list
Info (12128): Elaborating entity "ulaOperacoes" for hierarchy "ulaOperacoes:operacoesDaUla"
Warning (10036): Verilog HDL or VHDL warning at ulaOperacoes.vhd(20): object "SinalnegativoSub" assigned a value but never read
Info (12128): Elaborating entity "somadorNbits" for hierarchy "ulaOperacoes:operacoesDaUla|somadorNbits:somador"
Info (12128): Elaborating entity "fullAdder" for hierarchy "ulaOperacoes:operacoesDaUla|somadorNbits:somador|fullAdder:\somador:0:componenteSomador"
Info (12128): Elaborating entity "subtratorNbits" for hierarchy "ulaOperacoes:operacoesDaUla|subtratorNbits:subtrator"
Info (12128): Elaborating entity "fullSubtractor" for hierarchy "ulaOperacoes:operacoesDaUla|subtratorNbits:subtrator|fullSubtractor:\subtrator:0:componenteSomador"
Info (286030): Timing-Driven Synthesis is running
Info (16010): Generating hard_block partition "hard_block:auto_generated_inst"
    Info (16011): Adding 0 node(s), including 0 DDIO, 0 PLL, 0 transceiver and 0 LCELL
Info (21057): Implemented 2006 device resources after synthesis - the final resource count might be different
    Info (21058): Implemented 17 input pins
    Info (21059): Implemented 8 output pins
    Info (21061): Implemented 1981 logic cells
Info: Quartus II 64-Bit Analysis & Synthesis was successful. 0 errors, 10 warnings
    Info: Peak virtual memory: 4805 megabytes
    Info: Processing ended: Fri Jun 25 02:49:59 2021
    Info: Elapsed time: 00:00:12
    Info: Total CPU time (on all processors): 00:00:11


